Flutter crash report.
Please report a bug at https://github.com/flutter/flutter/issues.

## command

flutter build har --debug

## exception

ProcessException: ProcessException: The command failed with exit code 255
  Command: hvigorw --mode module -p module=flutter_module@default -p product=default -p buildMode=debug assembleHar --no-daemon -p FLUTTER_TARGET=lib/main.dart -p TARGET_PLATFORM=ohos-arm64 -p DART_OBFUSCATION=false -p TRACK_WIDGET_CREATION=true -p TREE_SHAKE_ICONS=false -p PACKAGE_CONFIG=/Users/liujian/AndroidStudioProjects/flutter/flutter_test_demo/.dart_tool/package_config.json

```
#0      RunResult.throwException (package:flutter_tools/src/base/process.dart:122:5)
#1      _DefaultProcessUtils.runSync (package:flutter_tools/src/base/process.dart:524:17)
#2      hvigorwTask (package:flutter_tools/src/ohos/hvigor.dart:138:41)
#3      assembleHar (package:flutter_tools/src/ohos/hvigor.dart:219:10)
#4      OhosHvigorBuilder.assembleHars (package:flutter_tools/src/ohos/hvigor.dart:645:33)
#5      OhosHvigorBuilder.buildHar (package:flutter_tools/src/ohos/hvigor.dart:504:11)
#6      BuildHarCommand.runCommand (package:flutter_tools/src/commands/build_har.dart:69:24)
<asynchronous suspension>
#7      FlutterCommand.run.<anonymous closure> (package:flutter_tools/src/runner/flutter_command.dart:1450:27)
<asynchronous suspension>
#8      AppContext.run.<anonymous closure> (package:flutter_tools/src/base/context.dart:153:19)
<asynchronous suspension>
#9      CommandRunner.runCommand (package:args/command_runner.dart:212:13)
<asynchronous suspension>
#10     FlutterCommandRunner.runCommand.<anonymous closure> (package:flutter_tools/src/runner/flutter_command_runner.dart:421:9)
<asynchronous suspension>
#11     AppContext.run.<anonymous closure> (package:flutter_tools/src/base/context.dart:153:19)
<asynchronous suspension>
#12     FlutterCommandRunner.runCommand (package:flutter_tools/src/runner/flutter_command_runner.dart:364:5)
<asynchronous suspension>
#13     run.<anonymous closure>.<anonymous closure> (package:flutter_tools/runner.dart:131:9)
<asynchronous suspension>
#14     AppContext.run.<anonymous closure> (package:flutter_tools/src/base/context.dart:153:19)
<asynchronous suspension>
#15     main (package:flutter_tools/executable.dart:94:3)
<asynchronous suspension>
```

## flutter doctor

```
[33m[!][39m Flutter (Channel [user-branch], 3.27.5-ohos-1.0.2, on macOS 15.1 24B83 darwin-arm64, locale zh-Hans-CN)
    [33m![39m Flutter version 3.27.5-ohos-1.0.2 on channel [user-branch] at /Users/liujian/sdktool/flutter_flutter
      Currently on an unknown channel. Run `flutter channel` to switch to an official channel.
      If that doesn't fix the issue, reinstall Flutter by following instructions at https://flutter.dev/setup.
    [33m![39m Upstream repository unknown source is not a standard remote.
      Set environment variable "FLUTTER_GIT_URL" to unknown source to dismiss this error.
    [32m•[39m Framework revision e1e1de66a6 (13 days ago), 2025-12-26 17:17:51 +0800
    [32m•[39m Engine revision e672b006cb
    [32m•[39m Dart version 3.6.2
    [32m•[39m DevTools version 2.40.0
    [32m•[39m Pub download mirror https://pub.flutter-io.cn
    [32m•[39m Flutter download mirror https://storage.flutter-io.cn
    [32m•[39m If those were intentional, you can disregard the above warnings; however it is recommended to use "git" directly to perform update checks and upgrades.

[32m[✓][39m HarmonyOS toolchain - develop for HarmonyOS devices
    [32m•[39m OpenHarmony Sdk at /Applications/DevEco-Studio.app/Contents/sdk, available api versions has [21:default]
    [32m•[39m Ohpm version 6.0.1
    [32m•[39m Node version v18.20.1
    [32m•[39m Hvigorw binary at /Applications/DevEco-Studio.app/Contents/tools/hvigor/bin/hvigorw

[32m[✓][39m Android toolchain - develop for Android devices (Android SDK version 35.0.0)
    [32m•[39m Android SDK at /Users/liujian/Library/Android/sdk
    [32m•[39m Platform android-36, build-tools 35.0.0
    [32m•[39m ANDROID_HOME = /Users/liujian/Library/Android/sdk
    [32m•[39m Java binary at: /Applications/Android Studio.app/Contents/jbr/Contents/Home/bin/java
    [32m•[39m Java version OpenJDK Runtime Environment (build 21.0.6+-13391695-b895.109)
    [32m•[39m All Android licenses accepted.

[31m[✗][39m Xcode - develop for iOS and macOS
    [31m✗[39m Xcode installation is incomplete; a full installation is necessary for iOS and macOS development.
      Download at: https://developer.apple.com/xcode/
      Or install Xcode via the App Store.
      Once installed, run:
        sudo xcode-select --switch /Applications/Xcode.app/Contents/Developer
        sudo xcodebuild -runFirstLaunch
    [31m✗[39m CocoaPods not installed.
        CocoaPods is a package manager for iOS or macOS platform code.
        Without CocoaPods, plugins will not work on iOS or macOS.
        For more info, see https://flutter.dev/to/platform-plugins
      For installation instructions, see https://guides.cocoapods.org/using/getting-started.html#installation

[32m[✓][39m Chrome - develop for the web
    [32m•[39m Chrome at /Applications/Google Chrome.app/Contents/MacOS/Google Chrome

[32m[✓][39m Android Studio (version 2025.1)
    [32m•[39m Android Studio at /Applications/Android Studio.app/Contents
    [32m•[39m Flutter plugin can be installed from:
      🔨 https://plugins.jetbrains.com/plugin/9212-flutter
    [32m•[39m Dart plugin can be installed from:
      🔨 https://plugins.jetbrains.com/plugin/6351-dart
    [32m•[39m Java version OpenJDK Runtime Environment (build 21.0.6+-13391695-b895.109)

[32m[✓][39m IntelliJ IDEA Ultimate Edition (version 2024.3.1.1)
    [32m•[39m IntelliJ at /Applications/IntelliJ IDEA.app
    [32m•[39m Flutter plugin can be installed from:
      🔨 https://plugins.jetbrains.com/plugin/9212-flutter
    [32m•[39m Dart plugin can be installed from:
      🔨 https://plugins.jetbrains.com/plugin/6351-dart

[32m[✓][39m Connected device (2 available)
    [32m•[39m macOS (desktop) • macos  • darwin-arm64   • macOS 15.1 24B83 darwin-arm64
    [32m•[39m Chrome (web)    • chrome • web-javascript • Google Chrome 143.0.7499.170

[32m[✓][39m Network resources
    [32m•[39m All expected network resources are available.

[33m![39m Doctor found issues in 2 categories.
```
